This file contains any messages produced by compilers while
running configure, to aid debugging if configure makes a mistake.

configure:570: checking for a BSD compatible install
configure:623: checking whether build environment is sane
configure:680: checking whether make sets ${MAKE}
configure:726: checking for working aclocal
configure:739: checking for working autoconf
configure:752: checking for working automake
configure:765: checking for working autoheader
configure:778: checking for working makeinfo
configure:792: checking whether to enable maintainer-specific portions of Makefiles
configure:819: checking whether make sets ${MAKE}
configure:867: checking for gcc
configure:980: checking whether the C compiler (gcc  ) works
configure:996: gcc -o conftest    conftest.c  1>&5
configure:993:1: warning: return type defaults to 'int' [-Wimplicit-int]
 main(){return(0);}
 ^~~~
configure:1022: checking whether the C compiler (gcc  ) is a cross-compiler
configure:1027: checking whether we are using GNU C
configure:1036: gcc -E conftest.c
configure:1055: checking whether gcc accepts -g
configure:1098: checking for a BSD compatible install
configure:1157: checking host system type
configure:1183: checking for __attribute__
configure:1201: gcc -c -g -O2  conftest.c 1>&5
configure: In function 'main':
configure:1193:13: error: invalid storage class for function 'foo'
 static void foo(void) __attribute__ ((noreturn));
             ^~~
configure:1195:1: error: invalid storage class for function 'foo'
 foo(void) {
 ^~~
configure: failed program was:
#line 1189 "configure"
#include "confdefs.h"

#include <stdlib.h>
int main() {
static void foo(void) __attribute__ ((noreturn));
static void
foo(void) {
	exit(1);
}
; return 0; }
configure:1264: checking for dprintf
configure:1292: gcc -o conftest -g -O2   conftest.c  1>&5
configure:1264: checking for vasprintf
configure:1292: gcc -o conftest -g -O2   conftest.c  1>&5
configure:1264: checking for getopt_long
configure:1292: gcc -o conftest -g -O2   conftest.c  1>&5
configure:1264: checking for localtime_r
configure:1292: gcc -o conftest -g -O2   conftest.c  1>&5
configure:1264: checking for inet_aton
configure:1292: gcc -o conftest -g -O2   conftest.c  1>&5
configure:1264: checking for vsnprintf
configure:1292: gcc -o conftest -g -O2   conftest.c  1>&5
configure:1276:6: warning: conflicting types for built-in function 'vsnprintf'
 char $ac_func();
      ^~~~~~~~~
configure:1264: checking for snprintf
configure:1292: gcc -o conftest -g -O2   conftest.c  1>&5
configure:1276:6: warning: conflicting types for built-in function 'snprintf'
 char $ac_func();
      ^~~~~~~~
configure:1264: checking for getpagesize
configure:1292: gcc -o conftest -g -O2   conftest.c  1>&5
configure:1318: checking how to run the C preprocessor
configure:1339: gcc -E  conftest.c >/dev/null 2>conftest.out
configure:1401: checking for paths.h
configure:1411: gcc -E  conftest.c >/dev/null 2>conftest.out
configure:1401: checking for sys/sockio.h
configure:1411: gcc -E  conftest.c >/dev/null 2>conftest.out
configure:1407:24: fatal error: sys/sockio.h: No such file or directory
 #include <$ac_hdr>
                        ^
compilation terminated.
configure: failed program was:
#line 1406 "configure"
#include "confdefs.h"
#include <sys/sockio.h>
configure:1439: checking for ANSI C header files
configure:1452: gcc -E  conftest.c >/dev/null 2>conftest.out
configure:1519: gcc -o conftest -g -O2   conftest.c  1>&5
configure: In function 'main':
configure:1514:67: warning: implicit declaration of function 'exit' [-Wimplicit-function-declaration]
 if (XOR (islower (i), ISLOWER (i)) || toupper (i) != TOUPPER (i)) exit(2);
                                                                   ^~~~
configure:1514:67: warning: incompatible implicit declaration of built-in function 'exit'
configure:1514:67: note: include '<stdlib.h>' or provide a declaration of 'exit'
configure:1515:1: warning: incompatible implicit declaration of built-in function 'exit'
 exit (0); }
 ^~~~
configure:1515:1: note: include '<stdlib.h>' or provide a declaration of 'exit'
configure:1543: checking for u_int32_t
configure:1612: checking for u_int16_t
configure:1681: checking for u_int8_t
configure:1750: checking for ipaddr_t
configure:1764: gcc -c -g -O2  conftest.c 1>&5
configure: In function 'main':
configure:1760:8: error: 'ipaddr_t' undeclared (first use in this function)
 sizeof(ipaddr_t);
        ^~~~~~~~
configure:1760:8: note: each undeclared identifier is reported only once for each function it appears in
configure: failed program was:
#line 1752 "configure"
#include "confdefs.h"
#include <unistd.h>
				#include <sys/types.h>
				#include <sys/socket.h>
				#include <netdb.h>
				#include <netinet/in_systm.h>
				#include <netinet/in.h>
int main() {
sizeof(ipaddr_t);
; return 0; }
configure:1780: checking for in_port_t
configure:1794: gcc -c -g -O2  conftest.c 1>&5
configure:1818: checking for pthread_create in -lpthread
configure:1837: gcc -o conftest -g -O2 -D_REENTRANT   conftest.c -lpthread   1>&5
configure:2064: checking for pthread_cancel in -lpthread
configure:2083: gcc -o conftest -g -O2 -D_REENTRANT   conftest.c -lpthread   1>&5
configure:2119: checking for getservbyport_r
configure:2147: gcc -o conftest -g -O2 -D_REENTRANT   conftest.c  1>&5
configure:2231: checking whether getservbyport_r takes 6 args
configure:2242: gcc -c -g -O2 -D_REENTRANT  conftest.c 1>&5
configure:2333: checking for gethostbyaddr_r
configure:2361: gcc -o conftest -g -O2 -D_REENTRANT   conftest.c  1>&5
configure:2445: checking whether gethostbyaddr_r takes 8 args
configure:2456: gcc -c -g -O2 -D_REENTRANT  conftest.c 1>&5
configure:2547: checking for getprotobynumber_r
configure:2575: gcc -o conftest -g -O2 -D_REENTRANT   conftest.c  1>&5
configure:2659: checking whether getprotobynumber_r takes 5 args
configure:2670: gcc -c -g -O2 -D_REENTRANT  conftest.c 1>&5
configure:2773: checking for pcap_open_live in -lpcap
configure:2792: gcc -o conftest -g -O2 -D_REENTRANT   conftest.c -lpcap   1>&5
configure:2819: checking if sockaddr struct has sa_len member
configure:2833: gcc -c -g -O2 -D_REENTRANT  conftest.c 1>&5
configure: In function 'main':
configure:2829:40: error: 'struct sockaddr' has no member named 'sa_len'
 u_int i = sizeof(((struct sockaddr *)0)->sa_len)
                                        ^~
configure: failed program was:
#line 2824 "configure"
#include "confdefs.h"

#	include <sys/types.h>
#	include <sys/socket.h>
int main() {
u_int i = sizeof(((struct sockaddr *)0)->sa_len)
; return 0; }
configure:2858: checking for pcap.h
configure:2868: gcc -E  conftest.c >/dev/null 2>conftest.out
